Copyright 1986-2020 Xilinx, Inc. All Rights Reserved.
--------------------------------------------------------------------------------------------
| Tool Version : Vivado v.2020.1 (lin64) Build 2902540 Wed May 27 19:54:35 MDT 2020
| Date         : Mon Jan 11 15:12:36 2021
| Host         : daphne.linktest.lme running 64-bit Scientific Linux release 7.7 (Nitrogen)
| Command      : report_clock_utilization -file top_clock_utilization_routed.rpt
| Design       : top
| Device       : 7vx690t-ffg1761
| Speed File   : -2  PRODUCTION 1.11 2014-09-11
| Design State : Routed
--------------------------------------------------------------------------------------------

Clock Utilization Report

Table of Contents
-----------------
1. Clock Primitive Utilization
2. Global Clock Resources
3. Global Clock Source Details
4. Clock Regions: Key Resource Utilization
5. Clock Regions : Global Clock Summary
6. Device Cell Placement Summary for Global Clock g0
7. Device Cell Placement Summary for Global Clock g1
8. Device Cell Placement Summary for Global Clock g2
9. Device Cell Placement Summary for Global Clock g3
10. Device Cell Placement Summary for Global Clock g4
11. Device Cell Placement Summary for Global Clock g5
12. Device Cell Placement Summary for Global Clock g6
13. Clock Region Cell Placement per Global Clock: Region X1Y2
14. Clock Region Cell Placement per Global Clock: Region X0Y3
15. Clock Region Cell Placement per Global Clock: Region X1Y3
16. Clock Region Cell Placement per Global Clock: Region X0Y4
17. Clock Region Cell Placement per Global Clock: Region X1Y4

1. Clock Primitive Utilization
------------------------------

+----------+------+-----------+-----+--------------+--------+
| Type     | Used | Available | LOC | Clock Region | Pblock |
+----------+------+-----------+-----+--------------+--------+
| BUFGCTRL |    7 |        32 |   0 |            0 |      0 |
| BUFH     |    0 |       240 |   0 |            0 |      0 |
| BUFIO    |    0 |        80 |   0 |            0 |      0 |
| BUFMR    |    0 |        40 |   0 |            0 |      0 |
| BUFR     |    0 |        80 |   0 |            0 |      0 |
| MMCM     |    2 |        20 |   0 |            0 |      0 |
| PLL      |    0 |        20 |   0 |            0 |      0 |
+----------+------+-----------+-----+--------------+--------+


2. Global Clock Resources
-------------------------

+-----------+-----------+-----------------+------------+---------------+--------------+-------------------+-------------+-----------------+--------------+-------------------------------------------------------------------------------------------+--------------------------------------------------------------------------------+------------------------------------------------------------------------------------+
| Global Id | Source Id | Driver Type/Pin | Constraint | Site          | Clock Region | Load Clock Region | Clock Loads | Non-Clock Loads | Clock Period | Clock                                                                                     | Driver Pin                                                                     | Net                                                                                |
+-----------+-----------+-----------------+------------+---------------+--------------+-------------------+-------------+-----------------+--------------+-------------------------------------------------------------------------------------------+--------------------------------------------------------------------------------+------------------------------------------------------------------------------------+
| g0        | src0      | BUFG/O          | None       | BUFGCTRL_X0Y0 | n/a          |                 3 |         328 |               0 |       25.005 | clk_40_clk_wiz_0                                                                          | clk_wiz_0/inst/clkout2_buf/O                                                   | clk_wiz_0/inst/clk_40                                                              |
| g1        | src1      | BUFG/O          | None       | BUFGCTRL_X0Y1 | n/a          |                 1 |         161 |               0 |        8.334 | clkout0                                                                                   | RX_TOP/RX_vc709_support_i/inst/gt_usrclk_source/rxoutclk_mmcm0_i/clkout0_buf/O | RX_TOP/RX_vc709_support_i/inst/gt_usrclk_source/rxoutclk_mmcm0_i/gt0_rxusrclk2_out |
| g2        | src1      | BUFG/O          | None       | BUFGCTRL_X0Y2 | n/a          |                 1 |          29 |               0 |        4.167 | clkout1                                                                                   | RX_TOP/RX_vc709_support_i/inst/gt_usrclk_source/rxoutclk_mmcm0_i/clkout1_buf/O | RX_TOP/RX_vc709_support_i/inst/gt_usrclk_source/rxoutclk_mmcm0_i/gt0_rxusrclk_out  |
| g3        | src2      | BUFG/O          | None       | BUFGCTRL_X0Y4 | n/a          |                 1 |          15 |               0 |        4.167 | RX_TOP/RX_vc709_support_i/inst/RX_vc709_init_i/RX_vc709_i/gt0_RX_vc709_i/gthe2_i/RXOUTCLK | RX_TOP/RX_vc709_support_i/inst/RX_vc709_init_i/rxout0_buf/O                    | RX_TOP/RX_vc709_support_i/inst/RX_vc709_init_i/gt0_rxoutclk_i2                     |
| g4        | src2      | BUFG/O          | None       | BUFGCTRL_X0Y5 | n/a          |                 1 |           1 |               0 |        4.167 | RX_TOP/RX_vc709_support_i/inst/RX_vc709_init_i/RX_vc709_i/gt0_RX_vc709_i/gthe2_i/RXOUTCLK | RX_TOP/RX_vc709_support_i/inst/gt_usrclk_source/rxoutclk_mmcm0_i/clkin1_buf/O  | RX_TOP/RX_vc709_support_i/inst/gt_usrclk_source/rxoutclk_mmcm0_i/clkin1            |
| g5        | src0      | BUFG/O          | None       | BUFGCTRL_X0Y6 | n/a          |                 1 |           1 |               0 |       44.800 | clkfbout_clk_wiz_0                                                                        | clk_wiz_0/inst/clkf_buf/O                                                      | clk_wiz_0/inst/clkfbout_buf_clk_wiz_0                                              |
| g6        | src0      | BUFG/O          | None       | BUFGCTRL_X0Y3 | n/a          |                 1 |           0 |               1 |        4.167 | clk_240_clk_wiz_0                                                                         | clk_wiz_0/inst/clkout1_buf/O                                                   | clk_wiz_0/inst/clk_240                                                             |
+-----------+-----------+-----------------+------------+---------------+--------------+-------------------+-------------+-----------------+--------------+-------------------------------------------------------------------------------------------+--------------------------------------------------------------------------------+------------------------------------------------------------------------------------+
* Clock Loads column represents the clock pin loads (pin count)
** Non-Clock Loads column represents the non-clock pin loads (pin count)


3. Global Clock Source Details
------------------------------

+-----------+-----------+------------------------+---------------------+---------------------+--------------+-------------+-----------------+---------------------+-------------------------------------------------------------------------------------------+-------------------------------------------------------------------------------------------+---------------------------------------------------------------------------------+
| Source Id | Global Id | Driver Type/Pin        | Constraint          | Site                | Clock Region | Clock Loads | Non-Clock Loads | Source Clock Period | Source Clock                                                                              | Driver Pin                                                                                | Net                                                                             |
+-----------+-----------+------------------------+---------------------+---------------------+--------------+-------------+-----------------+---------------------+-------------------------------------------------------------------------------------------+-------------------------------------------------------------------------------------------+---------------------------------------------------------------------------------+
| src0      | g6        | MMCME2_ADV/CLKOUT0     | None                | MMCME2_ADV_X0Y4     | X0Y4         |           1 |               0 |               4.167 | clk_240_clk_wiz_0                                                                         | clk_wiz_0/inst/mmcm_adv_inst/CLKOUT0                                                      | clk_wiz_0/inst/clk_240_clk_wiz_0                                                |
| src0      | g0        | MMCME2_ADV/CLKOUT1     | None                | MMCME2_ADV_X0Y4     | X0Y4         |           1 |               0 |              25.005 | clk_40_clk_wiz_0                                                                          | clk_wiz_0/inst/mmcm_adv_inst/CLKOUT1                                                      | clk_wiz_0/inst/clk_40_clk_wiz_0                                                 |
| src0      | g5        | MMCME2_ADV/CLKFBOUT    | None                | MMCME2_ADV_X0Y4     | X0Y4         |           1 |               0 |              44.800 | clkfbout_clk_wiz_0                                                                        | clk_wiz_0/inst/mmcm_adv_inst/CLKFBOUT                                                     | clk_wiz_0/inst/clkfbout_clk_wiz_0                                               |
| src1      | g1        | MMCME2_ADV/CLKOUT0     | None                | MMCME2_ADV_X1Y4     | X1Y4         |           1 |               0 |               8.334 | clkout0                                                                                   | RX_TOP/RX_vc709_support_i/inst/gt_usrclk_source/rxoutclk_mmcm0_i/mmcm_adv_inst/CLKOUT0    | RX_TOP/RX_vc709_support_i/inst/gt_usrclk_source/rxoutclk_mmcm0_i/clkout0        |
| src1      | g2        | MMCME2_ADV/CLKOUT1     | None                | MMCME2_ADV_X1Y4     | X1Y4         |           1 |               0 |               4.167 | clkout1                                                                                   | RX_TOP/RX_vc709_support_i/inst/gt_usrclk_source/rxoutclk_mmcm0_i/mmcm_adv_inst/CLKOUT1    | RX_TOP/RX_vc709_support_i/inst/gt_usrclk_source/rxoutclk_mmcm0_i/clkout1        |
| src2      | g3, g4    | GTHE2_CHANNEL/RXOUTCLK | GTHE2_CHANNEL_X1Y12 | GTHE2_CHANNEL_X1Y12 | X1Y3         |           2 |               0 |               4.167 | RX_TOP/RX_vc709_support_i/inst/RX_vc709_init_i/RX_vc709_i/gt0_RX_vc709_i/gthe2_i/RXOUTCLK | RX_TOP/RX_vc709_support_i/inst/RX_vc709_init_i/RX_vc709_i/gt0_RX_vc709_i/gthe2_i/RXOUTCLK | RX_TOP/RX_vc709_support_i/inst/RX_vc709_init_i/RX_vc709_i/gt0_RX_vc709_i/CLK_IN |
+-----------+-----------+------------------------+---------------------+---------------------+--------------+-------------+-----------------+---------------------+-------------------------------------------------------------------------------------------+-------------------------------------------------------------------------------------------+---------------------------------------------------------------------------------+
* Clock Loads column represents the clock pin loads (pin count)
** Non-Clock Loads column represents the non-clock pin loads (pin count)


4. Clock Regions: Key Resource Utilization
------------------------------------------

+-------------------+--------------+--------------+--------------+--------------+--------------+--------------+--------------+--------------+--------------+--------------+--------------+--------------+--------------+--------------+--------------+
|                   | Global Clock |     BUFRs    |    BUFMRs    |    BUFIOs    |     MMCM     |      PLL     |      GT      |      PCI     |    ILOGIC    |    OLOGIC    |      FF      |     LUTM     |    RAMB18    |    RAMB36    |    DSP48E2   |
+-------------------+------+-------+------+-------+------+-------+------+-------+------+-------+------+-------+------+-------+------+-------+------+-------+------+-------+------+-------+------+-------+------+-------+------+-------+------+-------+
| Clock Region Name | Used | Avail | Used | Avail | Used | Avail | Used | Avail | Used | Avail | Used | Avail | Used | Avail | Used | Avail | Used | Avail | Used | Avail | Used | Avail | Used | Avail | Used | Avail | Used | Avail | Used | Avail |
+-------------------+------+-------+------+-------+------+-------+------+-------+------+-------+------+-------+------+-------+------+-------+------+-------+------+-------+------+-------+------+-------+------+-------+------+-------+------+-------+
| X0Y0              |    0 |    12 |    0 |     4 |    0 |     2 |    0 |     4 |    0 |     1 |    0 |     1 |    0 |     4 |    0 |     0 |    0 |    50 |    0 |    50 |    0 |  5300 |    0 |  1850 |    0 |   140 |    0 |    70 |    0 |   140 |
| X1Y0              |    0 |    12 |    0 |     4 |    0 |     2 |    0 |     4 |    0 |     1 |    0 |     1 |    0 |     4 |    0 |     0 |    0 |    50 |    0 |    50 |    0 |  5800 |    0 |  2550 |    0 |   160 |    0 |    80 |    0 |   220 |
| X0Y1              |    0 |    12 |    0 |     4 |    0 |     2 |    0 |     4 |    0 |     1 |    0 |     1 |    0 |     4 |    0 |     0 |    0 |    50 |    0 |    50 |    0 |  5300 |    0 |  1850 |    0 |   140 |    0 |    70 |    0 |   140 |
| X1Y1              |    0 |    12 |    0 |     4 |    0 |     2 |    0 |     4 |    0 |     1 |    0 |     1 |    0 |     4 |    0 |     0 |    0 |    50 |    0 |    50 |    0 |  5550 |    0 |  2475 |    0 |   150 |    0 |    75 |    0 |   220 |
| X0Y2              |    0 |    12 |    0 |     4 |    0 |     2 |    0 |     4 |    0 |     1 |    0 |     1 |    0 |     4 |    0 |     0 |    0 |    50 |    0 |    50 |    0 |  5300 |    0 |  1850 |    0 |   140 |    0 |    70 |    0 |   140 |
| X1Y2              |    1 |    12 |    0 |     4 |    0 |     2 |    0 |     4 |    0 |     1 |    0 |     1 |    0 |     4 |    0 |     1 |    0 |    50 |    0 |    50 |   20 |  5550 |    8 |  2475 |    0 |   150 |    0 |    75 |    0 |   220 |
| X0Y3              |    2 |    12 |    0 |     4 |    0 |     2 |    0 |     4 |    0 |     1 |    0 |     1 |    0 |     4 |    0 |     0 |    0 |    50 |    0 |    50 |   97 |  5300 |   62 |  1850 |    0 |   140 |    0 |    70 |    0 |   140 |
| X1Y3              |    4 |    12 |    0 |     4 |    0 |     2 |    0 |     4 |    0 |     1 |    0 |     1 |    1 |     4 |    0 |     0 |    0 |    50 |    0 |    50 |  412 |  5800 |  150 |  2550 |    0 |   160 |    0 |    80 |    0 |   220 |
| X0Y4              |    1 |    12 |    0 |     4 |    0 |     2 |    0 |     4 |    1 |     1 |    0 |     1 |    0 |     4 |    0 |     0 |    0 |    50 |    0 |    50 |    0 |  4700 |    0 |  1850 |    0 |   140 |    0 |    70 |    0 |   140 |
| X1Y4              |    1 |    12 |    0 |     4 |    0 |     2 |    0 |     4 |    1 |     1 |    0 |     1 |    0 |     4 |    0 |     0 |    0 |    50 |    0 |    50 |    0 |  5550 |    0 |  2475 |    0 |   150 |    0 |    75 |    0 |   220 |
| X0Y5              |    0 |    12 |    0 |     4 |    0 |     2 |    0 |     4 |    0 |     1 |    0 |     1 |    0 |     4 |    0 |     0 |    0 |    50 |    0 |    50 |    0 |  4700 |    0 |  1850 |    0 |   140 |    0 |    70 |    0 |   140 |
| X1Y5              |    0 |    12 |    0 |     4 |    0 |     2 |    0 |     4 |    0 |     1 |    0 |     1 |    0 |     4 |    0 |     1 |    0 |    50 |    0 |    50 |    0 |  5550 |    0 |  2475 |    0 |   150 |    0 |    75 |    0 |   220 |
| X0Y6              |    0 |    12 |    0 |     4 |    0 |     2 |    0 |     4 |    0 |     1 |    0 |     1 |    0 |     4 |    0 |     0 |    0 |    50 |    0 |    50 |    0 |  5300 |    0 |  1850 |    0 |   140 |    0 |    70 |    0 |   140 |
| X1Y6              |    0 |    12 |    0 |     4 |    0 |     2 |    0 |     4 |    0 |     1 |    0 |     1 |    0 |     4 |    0 |     0 |    0 |    50 |    0 |    50 |    0 |  5800 |    0 |  2550 |    0 |   160 |    0 |    80 |    0 |   220 |
| X0Y7              |    0 |    12 |    0 |     4 |    0 |     2 |    0 |     4 |    0 |     1 |    0 |     1 |    0 |     4 |    0 |     0 |    0 |    50 |    0 |    50 |    0 |  5300 |    0 |  1850 |    0 |   140 |    0 |    70 |    0 |   140 |
| X1Y7              |    0 |    12 |    0 |     4 |    0 |     2 |    0 |     4 |    0 |     1 |    0 |     1 |    0 |     4 |    0 |     0 |    0 |    50 |    0 |    50 |    0 |  5550 |    0 |  2475 |    0 |   150 |    0 |    75 |    0 |   220 |
| X0Y8              |    0 |    12 |    0 |     4 |    0 |     2 |    0 |     4 |    0 |     1 |    0 |     1 |    0 |     4 |    0 |     0 |    0 |    50 |    0 |    50 |    0 |  5300 |    0 |  1850 |    0 |   140 |    0 |    70 |    0 |   140 |
| X1Y8              |    0 |    12 |    0 |     4 |    0 |     2 |    0 |     4 |    0 |     1 |    0 |     1 |    0 |     4 |    0 |     1 |    0 |    50 |    0 |    50 |    0 |  5550 |    0 |  2475 |    0 |   150 |    0 |    75 |    0 |   220 |
| X0Y9              |    0 |    12 |    0 |     4 |    0 |     2 |    0 |     4 |    0 |     1 |    0 |     1 |    0 |     4 |    0 |     0 |    0 |    50 |    0 |    50 |    0 |  5300 |    0 |  1850 |    0 |   140 |    0 |    70 |    0 |   140 |
| X1Y9              |    0 |    12 |    0 |     4 |    0 |     2 |    0 |     4 |    0 |     1 |    0 |     1 |    0 |     4 |    0 |     0 |    0 |    50 |    0 |    50 |    0 |  5800 |    0 |  2550 |    0 |   160 |    0 |    80 |    0 |   220 |
+-------------------+------+-------+------+-------+------+-------+------+-------+------+-------+------+-------+------+-------+------+-------+------+-------+------+-------+------+-------+------+-------+------+-------+------+-------+------+-------+
* Global Clock column represents track count; while other columns represents cell counts


5. Clock Regions : Global Clock Summary
---------------------------------------

All Modules
+----+----+----+
|    | X0 | X1 |
+----+----+----+
| Y9 |  0 |  0 |
| Y8 |  0 |  0 |
| Y7 |  0 |  0 |
| Y6 |  0 |  0 |
| Y5 |  0 |  0 |
| Y4 |  1 |  1 |
| Y3 |  2 |  4 |
| Y2 |  0 |  1 |
| Y1 |  0 |  0 |
| Y0 |  0 |  0 |
+----+----+----+


6. Device Cell Placement Summary for Global Clock g0
----------------------------------------------------

+-----------+-----------------+-------------------+------------------+-------------+----------------+-------------+----------+----------------+----------+-----------------------+
| Global Id | Driver Type/Pin | Driver Region (D) | Clock            | Period (ns) | Waveform (ns)  | Slice Loads | IO Loads | Clocking Loads | GT Loads | Net                   |
+-----------+-----------------+-------------------+------------------+-------------+----------------+-------------+----------+----------------+----------+-----------------------+
| g0        | BUFG/O          | n/a               | clk_40_clk_wiz_0 |      25.005 | {0.000 12.502} |         326 |        0 |              0 |        2 | clk_wiz_0/inst/clk_40 |
+-----------+-----------------+-------------------+------------------+-------------+----------------+-------------+----------+----------------+----------+-----------------------+
* Slice Loads column represents load cell count of all cell types other than IO, GT and clock resources
** IO Loads column represents load cell count of IO types
*** Clocking Loads column represents load cell count that are clock resources (global clock buffer, MMCM, PLL, etc)
**** GT Loads column represents load cell count of GT types


+----+-----+------+
|    | X0  | X1   |
+----+-----+------+
| Y9 |   0 |    0 |
| Y8 |   0 |    0 |
| Y7 |   0 |    0 |
| Y6 |   0 |    0 |
| Y5 |   0 |    0 |
| Y4 |   0 |    0 |
| Y3 |  97 |  211 |
| Y2 |   0 |   20 |
| Y1 |   0 |    0 |
| Y0 |   0 |    0 |
+----+-----+------+


7. Device Cell Placement Summary for Global Clock g1
----------------------------------------------------

+-----------+-----------------+-------------------+---------+-------------+---------------+-------------+----------+----------------+----------+------------------------------------------------------------------------------------+
| Global Id | Driver Type/Pin | Driver Region (D) | Clock   | Period (ns) | Waveform (ns) | Slice Loads | IO Loads | Clocking Loads | GT Loads | Net                                                                                |
+-----------+-----------------+-------------------+---------+-------------+---------------+-------------+----------+----------------+----------+------------------------------------------------------------------------------------+
| g1        | BUFG/O          | n/a               | clkout0 |       8.334 | {0.000 4.167} |         160 |        0 |              0 |        1 | RX_TOP/RX_vc709_support_i/inst/gt_usrclk_source/rxoutclk_mmcm0_i/gt0_rxusrclk2_out |
+-----------+-----------------+-------------------+---------+-------------+---------------+-------------+----------+----------------+----------+------------------------------------------------------------------------------------+
* Slice Loads column represents load cell count of all cell types other than IO, GT and clock resources
** IO Loads column represents load cell count of IO types
*** Clocking Loads column represents load cell count that are clock resources (global clock buffer, MMCM, PLL, etc)
**** GT Loads column represents load cell count of GT types


+----+----+------+
|    | X0 | X1   |
+----+----+------+
| Y9 |  0 |    0 |
| Y8 |  0 |    0 |
| Y7 |  0 |    0 |
| Y6 |  0 |    0 |
| Y5 |  0 |    0 |
| Y4 |  0 |    0 |
| Y3 |  0 |  161 |
| Y2 |  0 |    0 |
| Y1 |  0 |    0 |
| Y0 |  0 |    0 |
+----+----+------+


8. Device Cell Placement Summary for Global Clock g2
----------------------------------------------------

+-----------+-----------------+-------------------+---------+-------------+---------------+-------------+----------+----------------+----------+-----------------------------------------------------------------------------------+
| Global Id | Driver Type/Pin | Driver Region (D) | Clock   | Period (ns) | Waveform (ns) | Slice Loads | IO Loads | Clocking Loads | GT Loads | Net                                                                               |
+-----------+-----------------+-------------------+---------+-------------+---------------+-------------+----------+----------------+----------+-----------------------------------------------------------------------------------+
| g2        | BUFG/O          | n/a               | clkout1 |       4.167 | {0.000 2.083} |          28 |        0 |              0 |        1 | RX_TOP/RX_vc709_support_i/inst/gt_usrclk_source/rxoutclk_mmcm0_i/gt0_rxusrclk_out |
+-----------+-----------------+-------------------+---------+-------------+---------------+-------------+----------+----------------+----------+-----------------------------------------------------------------------------------+
* Slice Loads column represents load cell count of all cell types other than IO, GT and clock resources
** IO Loads column represents load cell count of IO types
*** Clocking Loads column represents load cell count that are clock resources (global clock buffer, MMCM, PLL, etc)
**** GT Loads column represents load cell count of GT types


+----+----+-----+
|    | X0 | X1  |
+----+----+-----+
| Y9 |  0 |   0 |
| Y8 |  0 |   0 |
| Y7 |  0 |   0 |
| Y6 |  0 |   0 |
| Y5 |  0 |   0 |
| Y4 |  0 |   0 |
| Y3 |  0 |  29 |
| Y2 |  0 |   0 |
| Y1 |  0 |   0 |
| Y0 |  0 |   0 |
+----+----+-----+


9. Device Cell Placement Summary for Global Clock g3
----------------------------------------------------

+-----------+-----------------+-------------------+-------------------------------------------------------------------------------------------+-------------+---------------+-------------+----------+----------------+----------+----------------------------------------------------------------+
| Global Id | Driver Type/Pin | Driver Region (D) | Clock                                                                                     | Period (ns) | Waveform (ns) | Slice Loads | IO Loads | Clocking Loads | GT Loads | Net                                                            |
+-----------+-----------------+-------------------+-------------------------------------------------------------------------------------------+-------------+---------------+-------------+----------+----------------+----------+----------------------------------------------------------------+
| g3        | BUFG/O          | n/a               | RX_TOP/RX_vc709_support_i/inst/RX_vc709_init_i/RX_vc709_i/gt0_RX_vc709_i/gthe2_i/RXOUTCLK |       4.167 | {0.000 2.083} |          15 |        0 |              0 |        0 | RX_TOP/RX_vc709_support_i/inst/RX_vc709_init_i/gt0_rxoutclk_i2 |
+-----------+-----------------+-------------------+-------------------------------------------------------------------------------------------+-------------+---------------+-------------+----------+----------------+----------+----------------------------------------------------------------+
* Slice Loads column represents load cell count of all cell types other than IO, GT and clock resources
** IO Loads column represents load cell count of IO types
*** Clocking Loads column represents load cell count that are clock resources (global clock buffer, MMCM, PLL, etc)
**** GT Loads column represents load cell count of GT types


+----+----+-----+
|    | X0 | X1  |
+----+----+-----+
| Y9 |  0 |   0 |
| Y8 |  0 |   0 |
| Y7 |  0 |   0 |
| Y6 |  0 |   0 |
| Y5 |  0 |   0 |
| Y4 |  0 |   0 |
| Y3 |  0 |  15 |
| Y2 |  0 |   0 |
| Y1 |  0 |   0 |
| Y0 |  0 |   0 |
+----+----+-----+


10. Device Cell Placement Summary for Global Clock g4
-----------------------------------------------------

+-----------+-----------------+-------------------+-------------------------------------------------------------------------------------------+-------------+---------------+-------------+----------+----------------+----------+-------------------------------------------------------------------------+
| Global Id | Driver Type/Pin | Driver Region (D) | Clock                                                                                     | Period (ns) | Waveform (ns) | Slice Loads | IO Loads | Clocking Loads | GT Loads | Net                                                                     |
+-----------+-----------------+-------------------+-------------------------------------------------------------------------------------------+-------------+---------------+-------------+----------+----------------+----------+-------------------------------------------------------------------------+
| g4        | BUFG/O          | n/a               | RX_TOP/RX_vc709_support_i/inst/RX_vc709_init_i/RX_vc709_i/gt0_RX_vc709_i/gthe2_i/RXOUTCLK |       4.167 | {0.000 2.083} |           0 |        0 |              1 |        0 | RX_TOP/RX_vc709_support_i/inst/gt_usrclk_source/rxoutclk_mmcm0_i/clkin1 |
+-----------+-----------------+-------------------+-------------------------------------------------------------------------------------------+-------------+---------------+-------------+----------+----------------+----------+-------------------------------------------------------------------------+
* Slice Loads column represents load cell count of all cell types other than IO, GT and clock resources
** IO Loads column represents load cell count of IO types
*** Clocking Loads column represents load cell count that are clock resources (global clock buffer, MMCM, PLL, etc)
**** GT Loads column represents load cell count of GT types


+----+----+----+
|    | X0 | X1 |
+----+----+----+
| Y9 |  0 |  0 |
| Y8 |  0 |  0 |
| Y7 |  0 |  0 |
| Y6 |  0 |  0 |
| Y5 |  0 |  0 |
| Y4 |  0 |  1 |
| Y3 |  0 |  0 |
| Y2 |  0 |  0 |
| Y1 |  0 |  0 |
| Y0 |  0 |  0 |
+----+----+----+


11. Device Cell Placement Summary for Global Clock g5
-----------------------------------------------------

+-----------+-----------------+-------------------+--------------------+-------------+----------------+-------------+----------+----------------+----------+---------------------------------------+
| Global Id | Driver Type/Pin | Driver Region (D) | Clock              | Period (ns) | Waveform (ns)  | Slice Loads | IO Loads | Clocking Loads | GT Loads | Net                                   |
+-----------+-----------------+-------------------+--------------------+-------------+----------------+-------------+----------+----------------+----------+---------------------------------------+
| g5        | BUFG/O          | n/a               | clkfbout_clk_wiz_0 |      44.800 | {0.000 22.400} |           0 |        0 |              1 |        0 | clk_wiz_0/inst/clkfbout_buf_clk_wiz_0 |
+-----------+-----------------+-------------------+--------------------+-------------+----------------+-------------+----------+----------------+----------+---------------------------------------+
* Slice Loads column represents load cell count of all cell types other than IO, GT and clock resources
** IO Loads column represents load cell count of IO types
*** Clocking Loads column represents load cell count that are clock resources (global clock buffer, MMCM, PLL, etc)
**** GT Loads column represents load cell count of GT types


+----+----+----+
|    | X0 | X1 |
+----+----+----+
| Y9 |  0 |  0 |
| Y8 |  0 |  0 |
| Y7 |  0 |  0 |
| Y6 |  0 |  0 |
| Y5 |  0 |  0 |
| Y4 |  1 |  0 |
| Y3 |  0 |  0 |
| Y2 |  0 |  0 |
| Y1 |  0 |  0 |
| Y0 |  0 |  0 |
+----+----+----+


12. Device Cell Placement Summary for Global Clock g6
-----------------------------------------------------

+-----------+-----------------+-------------------+-------------------+-------------+---------------+-------------+----------+----------------+----------+------------------------+
| Global Id | Driver Type/Pin | Driver Region (D) | Clock             | Period (ns) | Waveform (ns) | Slice Loads | IO Loads | Clocking Loads | GT Loads | Net                    |
+-----------+-----------------+-------------------+-------------------+-------------+---------------+-------------+----------+----------------+----------+------------------------+
| g6        | BUFG/O          | n/a               | clk_240_clk_wiz_0 |       4.167 | {0.000 2.084} |           0 |        1 |              0 |        0 | clk_wiz_0/inst/clk_240 |
+-----------+-----------------+-------------------+-------------------+-------------+---------------+-------------+----------+----------------+----------+------------------------+
* Slice Loads column represents load cell count of all cell types other than IO, GT and clock resources
** IO Loads column represents load cell count of IO types
*** Clocking Loads column represents load cell count that are clock resources (global clock buffer, MMCM, PLL, etc)
**** GT Loads column represents load cell count of GT types


+----+----+----+
|    | X0 | X1 |
+----+----+----+
| Y9 |  0 |  0 |
| Y8 |  0 |  0 |
| Y7 |  0 |  0 |
| Y6 |  0 |  0 |
| Y5 |  0 |  0 |
| Y4 |  0 |  0 |
| Y3 |  1 |  0 |
| Y2 |  0 |  0 |
| Y1 |  0 |  0 |
| Y0 |  0 |  0 |
+----+----+----+


13. Clock Region Cell Placement per Global Clock: Region X1Y2
-------------------------------------------------------------

+-----------+-------+-----------------+------------+-------------+-----------------+----+--------+------+-----+----+------+-----+---------+-----------------------+
| Global Id | Track | Driver Type/Pin | Constraint | Clock Loads | Non-Clock Loads | FF | LUTRAM | RAMB | DSP | GT | MMCM | PLL | Hard IP | Net                   |
+-----------+-------+-----------------+------------+-------------+-----------------+----+--------+------+-----+----+------+-----+---------+-----------------------+
| g0        | n/a   | BUFG/O          | None       |          20 |               0 | 20 |      0 |    0 |   0 |  0 |    0 |   0 |       0 | clk_wiz_0/inst/clk_40 |
+-----------+-------+-----------------+------------+-------------+-----------------+----+--------+------+-----+----+------+-----+---------+-----------------------+
* Clock Loads column represents the clock pin loads (pin count)
** Non-Clock Loads column represents the non-clock pin loads (pin count)
*** Columns FF, LUTRAM, RAMB through 'Hard IP' represents load cell counts


14. Clock Region Cell Placement per Global Clock: Region X0Y3
-------------------------------------------------------------

+-----------+-------+-----------------+------------+-------------+-----------------+----+--------+------+-----+----+------+-----+---------+------------------------+
| Global Id | Track | Driver Type/Pin | Constraint | Clock Loads | Non-Clock Loads | FF | LUTRAM | RAMB | DSP | GT | MMCM | PLL | Hard IP | Net                    |
+-----------+-------+-----------------+------------+-------------+-----------------+----+--------+------+-----+----+------+-----+---------+------------------------+
| g0        | n/a   | BUFG/O          | None       |          97 |               0 | 97 |      0 |    0 |   0 |  0 |    0 |   0 |       0 | clk_wiz_0/inst/clk_40  |
| g6        | n/a   | BUFG/O          | None       |           0 |               1 |  0 |      0 |    0 |   0 |  0 |    0 |   0 |       0 | clk_wiz_0/inst/clk_240 |
+-----------+-------+-----------------+------------+-------------+-----------------+----+--------+------+-----+----+------+-----+---------+------------------------+
* Clock Loads column represents the clock pin loads (pin count)
** Non-Clock Loads column represents the non-clock pin loads (pin count)
*** Columns FF, LUTRAM, RAMB through 'Hard IP' represents load cell counts


15. Clock Region Cell Placement per Global Clock: Region X1Y3
-------------------------------------------------------------

+-----------+-------+-----------------+------------+-------------+-----------------+-----+--------+------+-----+----+------+-----+---------+------------------------------------------------------------------------------------+
| Global Id | Track | Driver Type/Pin | Constraint | Clock Loads | Non-Clock Loads | FF  | LUTRAM | RAMB | DSP | GT | MMCM | PLL | Hard IP | Net                                                                                |
+-----------+-------+-----------------+------------+-------------+-----------------+-----+--------+------+-----+----+------+-----+---------+------------------------------------------------------------------------------------+
| g0        | n/a   | BUFG/O          | None       |         211 |               0 | 209 |      0 |    0 |   0 |  1 |    0 |   0 |       0 | clk_wiz_0/inst/clk_40                                                              |
| g1        | n/a   | BUFG/O          | None       |         161 |               0 | 160 |      0 |    0 |   0 |  1 |    0 |   0 |       0 | RX_TOP/RX_vc709_support_i/inst/gt_usrclk_source/rxoutclk_mmcm0_i/gt0_rxusrclk2_out |
| g2        | n/a   | BUFG/O          | None       |          29 |               0 |  28 |      0 |    0 |   0 |  1 |    0 |   0 |       0 | RX_TOP/RX_vc709_support_i/inst/gt_usrclk_source/rxoutclk_mmcm0_i/gt0_rxusrclk_out  |
| g3        | n/a   | BUFG/O          | None       |          15 |               0 |  15 |      0 |    0 |   0 |  0 |    0 |   0 |       0 | RX_TOP/RX_vc709_support_i/inst/RX_vc709_init_i/gt0_rxoutclk_i2                     |
+-----------+-------+-----------------+------------+-------------+-----------------+-----+--------+------+-----+----+------+-----+---------+------------------------------------------------------------------------------------+
* Clock Loads column represents the clock pin loads (pin count)
** Non-Clock Loads column represents the non-clock pin loads (pin count)
*** Columns FF, LUTRAM, RAMB through 'Hard IP' represents load cell counts


16. Clock Region Cell Placement per Global Clock: Region X0Y4
-------------------------------------------------------------

+-----------+-------+-----------------+------------+-------------+-----------------+----+--------+------+-----+----+------+-----+---------+---------------------------------------+
| Global Id | Track | Driver Type/Pin | Constraint | Clock Loads | Non-Clock Loads | FF | LUTRAM | RAMB | DSP | GT | MMCM | PLL | Hard IP | Net                                   |
+-----------+-------+-----------------+------------+-------------+-----------------+----+--------+------+-----+----+------+-----+---------+---------------------------------------+
| g5        | n/a   | BUFG/O          | None       |           1 |               0 |  0 |      0 |    0 |   0 |  0 |    1 |   0 |       0 | clk_wiz_0/inst/clkfbout_buf_clk_wiz_0 |
+-----------+-------+-----------------+------------+-------------+-----------------+----+--------+------+-----+----+------+-----+---------+---------------------------------------+
* Clock Loads column represents the clock pin loads (pin count)
** Non-Clock Loads column represents the non-clock pin loads (pin count)
*** Columns FF, LUTRAM, RAMB through 'Hard IP' represents load cell counts


17. Clock Region Cell Placement per Global Clock: Region X1Y4
-------------------------------------------------------------

+-----------+-------+-----------------+------------+-------------+-----------------+----+--------+------+-----+----+------+-----+---------+-------------------------------------------------------------------------+
| Global Id | Track | Driver Type/Pin | Constraint | Clock Loads | Non-Clock Loads | FF | LUTRAM | RAMB | DSP | GT | MMCM | PLL | Hard IP | Net                                                                     |
+-----------+-------+-----------------+------------+-------------+-----------------+----+--------+------+-----+----+------+-----+---------+-------------------------------------------------------------------------+
| g4        | n/a   | BUFG/O          | None       |           1 |               0 |  0 |      0 |    0 |   0 |  0 |    1 |   0 |       0 | RX_TOP/RX_vc709_support_i/inst/gt_usrclk_source/rxoutclk_mmcm0_i/clkin1 |
+-----------+-------+-----------------+------------+-------------+-----------------+----+--------+------+-----+----+------+-----+---------+-------------------------------------------------------------------------+
* Clock Loads column represents the clock pin loads (pin count)
** Non-Clock Loads column represents the non-clock pin loads (pin count)
*** Columns FF, LUTRAM, RAMB through 'Hard IP' represents load cell counts



# Location of BUFG Primitives 
set_property LOC BUFGCTRL_X0Y6 [get_cells clk_wiz_0/inst/clkf_buf]
set_property LOC BUFGCTRL_X0Y0 [get_cells clk_wiz_0/inst/clkout2_buf]
set_property LOC BUFGCTRL_X0Y3 [get_cells clk_wiz_0/inst/clkout1_buf]
set_property LOC BUFGCTRL_X0Y2 [get_cells RX_TOP/RX_vc709_support_i/inst/gt_usrclk_source/rxoutclk_mmcm0_i/clkout1_buf]
set_property LOC BUFGCTRL_X0Y1 [get_cells RX_TOP/RX_vc709_support_i/inst/gt_usrclk_source/rxoutclk_mmcm0_i/clkout0_buf]
set_property LOC BUFGCTRL_X0Y5 [get_cells RX_TOP/RX_vc709_support_i/inst/gt_usrclk_source/rxoutclk_mmcm0_i/clkin1_buf]
set_property LOC BUFGCTRL_X0Y4 [get_cells RX_TOP/RX_vc709_support_i/inst/RX_vc709_init_i/rxout0_buf]

# Location of IO Primitives which is load of clock spine
set_property LOC IOB_X0Y176 [get_cells OBUFDS]

# Location of clock ports
set_property LOC IOB_X0Y225 [get_ports USER_CLK_N]
set_property LOC IOB_X0Y226 [get_ports USER_CLK_P]

# Clock net "clk_wiz_0/inst/clk_40" driven by instance "clk_wiz_0/inst/clkout2_buf" located at site "BUFGCTRL_X0Y0"
#startgroup
create_pblock {CLKAG_clk_wiz_0/inst/clk_40}
add_cells_to_pblock [get_pblocks  {CLKAG_clk_wiz_0/inst/clk_40}] [get_cells -filter { PRIMITIVE_GROUP != I/O && IS_PRIMITIVE==1 && PRIMITIVE_LEVEL !=INTERNAL } -of_object [get_pins -filter {DIRECTION==IN} -of_objects [get_nets -hierarchical -filter {PARENT=="clk_wiz_0/inst/clk_40"}]]]
resize_pblock [get_pblocks {CLKAG_clk_wiz_0/inst/clk_40}] -add {CLOCKREGION_X0Y3:CLOCKREGION_X0Y3 CLOCKREGION_X1Y2:CLOCKREGION_X1Y2 CLOCKREGION_X1Y3:CLOCKREGION_X1Y3}
#endgroup

# Clock net "RX_TOP/RX_vc709_support_i/inst/gt_usrclk_source/rxoutclk_mmcm0_i/gt0_rxusrclk_out" driven by instance "RX_TOP/RX_vc709_support_i/inst/gt_usrclk_source/rxoutclk_mmcm0_i/clkout1_buf" located at site "BUFGCTRL_X0Y2"
#startgroup
create_pblock {CLKAG_RX_TOP/RX_vc709_support_i/inst/gt_usrclk_source/rxoutclk_mmcm0_i/gt0_rxusrclk_out}
add_cells_to_pblock [get_pblocks  {CLKAG_RX_TOP/RX_vc709_support_i/inst/gt_usrclk_source/rxoutclk_mmcm0_i/gt0_rxusrclk_out}] [get_cells -filter { PRIMITIVE_GROUP != I/O && IS_PRIMITIVE==1 && PRIMITIVE_LEVEL !=INTERNAL } -of_object [get_pins -filter {DIRECTION==IN} -of_objects [get_nets -hierarchical -filter {PARENT=="RX_TOP/RX_vc709_support_i/inst/gt_usrclk_source/rxoutclk_mmcm0_i/gt0_rxusrclk_out"}]]]
resize_pblock [get_pblocks {CLKAG_RX_TOP/RX_vc709_support_i/inst/gt_usrclk_source/rxoutclk_mmcm0_i/gt0_rxusrclk_out}] -add {CLOCKREGION_X1Y3:CLOCKREGION_X1Y3}
#endgroup

# Clock net "RX_TOP/RX_vc709_support_i/inst/gt_usrclk_source/rxoutclk_mmcm0_i/gt0_rxusrclk2_out" driven by instance "RX_TOP/RX_vc709_support_i/inst/gt_usrclk_source/rxoutclk_mmcm0_i/clkout0_buf" located at site "BUFGCTRL_X0Y1"
#startgroup
create_pblock {CLKAG_RX_TOP/RX_vc709_support_i/inst/gt_usrclk_source/rxoutclk_mmcm0_i/gt0_rxusrclk2_out}
add_cells_to_pblock [get_pblocks  {CLKAG_RX_TOP/RX_vc709_support_i/inst/gt_usrclk_source/rxoutclk_mmcm0_i/gt0_rxusrclk2_out}] [get_cells -filter { PRIMITIVE_GROUP != I/O && IS_PRIMITIVE==1 && PRIMITIVE_LEVEL !=INTERNAL } -of_object [get_pins -filter {DIRECTION==IN} -of_objects [get_nets -hierarchical -filter {PARENT=="RX_TOP/RX_vc709_support_i/inst/gt_usrclk_source/rxoutclk_mmcm0_i/gt0_rxusrclk2_out"}]]]
resize_pblock [get_pblocks {CLKAG_RX_TOP/RX_vc709_support_i/inst/gt_usrclk_source/rxoutclk_mmcm0_i/gt0_rxusrclk2_out}] -add {CLOCKREGION_X1Y3:CLOCKREGION_X1Y3}
#endgroup

# Clock net "RX_TOP/RX_vc709_support_i/inst/RX_vc709_init_i/gt0_rxoutclk_i2" driven by instance "RX_TOP/RX_vc709_support_i/inst/RX_vc709_init_i/rxout0_buf" located at site "BUFGCTRL_X0Y4"
#startgroup
create_pblock {CLKAG_RX_TOP/RX_vc709_support_i/inst/RX_vc709_init_i/gt0_rxoutclk_i2}
add_cells_to_pblock [get_pblocks  {CLKAG_RX_TOP/RX_vc709_support_i/inst/RX_vc709_init_i/gt0_rxoutclk_i2}] [get_cells -filter { PRIMITIVE_GROUP != I/O && IS_PRIMITIVE==1 && PRIMITIVE_LEVEL !=INTERNAL } -of_object [get_pins -filter {DIRECTION==IN} -of_objects [get_nets -hierarchical -filter {PARENT=="RX_TOP/RX_vc709_support_i/inst/RX_vc709_init_i/gt0_rxoutclk_i2"}]]]
resize_pblock [get_pblocks {CLKAG_RX_TOP/RX_vc709_support_i/inst/RX_vc709_init_i/gt0_rxoutclk_i2}] -add {CLOCKREGION_X1Y3:CLOCKREGION_X1Y3}
#endgroup
